# JRE version: Java(TM) SE Runtime Environment (8.0_151-b12) (build 1.8.0_151-b12)
# Java VM: Java HotSpot(TM) 64-Bit Server VM (25.151-b12 mixed mode bsd-amd64 compressed oops)
Heap:
 PSYoungGen      total 76288K, used 49259K [0x000000076ab00000, 0x0000000770000000, 0x00000007c0000000)
  eden space 65536K, 75% used [0x000000076ab00000,0x000000076db1af28,0x000000076eb00000)
  from space 10752K, 0% used [0x000000076eb00000,0x000000076eb00000,0x000000076f580000)
  to   space 10752K, 0% used [0x000000076f580000,0x000000076f580000,0x0000000770000000)
 ParOldGen       total 81920K, used 12568K [0x00000006c0000000, 0x00000006c5000000, 0x000000076ab00000)
  object space 81920K, 15% used [0x00000006c0000000,0x00000006c0c46078,0x00000006c5000000)
 Metaspace       used 23853K, capacity 25040K, committed 25088K, reserved 1071104K
  class space    used 3040K, capacity 3308K, committed 3328K, reserved 1048576K
GC Heap History (4 events):
Event: 6.318 GC heap before
{Heap before GC invocations=1 (full 0):
 PSYoungGen      total 76288K, used 63503K [0x000000076ab00000, 0x0000000770000000, 0x00000007c0000000)
  eden space 65536K, 96% used [0x000000076ab00000,0x000000076e903e28,0x000000076eb00000)
  from space 10752K, 0% used [0x000000076f580000,0x000000076f580000,0x0000000770000000)
  to   space 10752K, 0% used [0x000000076eb00000,0x000000076eb00000,0x000000076f580000)
 ParOldGen       total 175104K, used 0K [0x00000006c0000000, 0x00000006cab00000, 0x000000076ab00000)
  object space 175104K, 0% used [0x00000006c0000000,0x00000006c0000000,0x00000006cab00000)
 Metaspace       used 20426K, capacity 21186K, committed 21248K, reserved 1067008K
  class space    used 2582K, capacity 2803K, committed 2816K, reserved 1048576K
Event: 6.327 GC heap after
Heap after GC invocations=1 (full 0):
 PSYoungGen      total 76288K, used 10722K [0x000000076ab00000, 0x0000000770000000, 0x00000007c0000000)
  eden space 65536K, 0% used [0x000000076ab00000,0x000000076ab00000,0x000000076eb00000)
  from space 10752K, 99% used [0x000000076eb00000,0x000000076f578a90,0x000000076f580000)
  to   space 10752K, 0% used [0x000000076f580000,0x000000076f580000,0x0000000770000000)
 ParOldGen       total 175104K, used 3429K [0x00000006c0000000, 0x00000006cab00000, 0x000000076ab00000)
  object space 175104K, 1% used [0x00000006c0000000,0x00000006c0359440,0x00000006cab00000)
 Metaspace       used 20426K, capacity 21186K, committed 21248K, reserved 1067008K
  class space    used 2582K, capacity 2803K, committed 2816K, reserved 1048576K
}
Event: 6.327 GC heap before
{Heap before GC invocations=2 (full 1):
 PSYoungGen      total 76288K, used 10722K [0x000000076ab00000, 0x0000000770000000, 0x00000007c0000000)
  eden space 65536K, 0% used [0x000000076ab00000,0x000000076ab00000,0x000000076eb00000)
  from space 10752K, 99% used [0x000000076eb00000,0x000000076f578a90,0x000000076f580000)
  to   space 10752K, 0% used [0x000000076f580000,0x000000076f580000,0x0000000770000000)
 ParOldGen       total 175104K, used 3429K [0x00000006c0000000, 0x00000006cab00000, 0x000000076ab00000)
  object space 175104K, 1% used [0x00000006c0000000,0x00000006c0359440,0x00000006cab00000)
 Metaspace       used 20426K, capacity 21186K, committed 21248K, reserved 1067008K
  class space    used 2582K, capacity 2803K, committed 2816K, reserved 1048576K
Event: 6.352 GC heap after
Heap after GC invocations=2 (full 1):
 PSYoungGen      total 76288K, used 0K [0x000000076ab00000, 0x0000000770000000, 0x00000007c0000000)
  eden space 65536K, 0% used [0x000000076ab00000,0x000000076ab00000,0x000000076eb00000)
  from space 10752K, 0% used [0x000000076eb00000,0x000000076eb00000,0x000000076f580000)
  to   space 10752K, 0% used [0x000000076f580000,0x000000076f580000,0x0000000770000000)
 ParOldGen       total 81920K, used 12568K [0x00000006c0000000, 0x00000006c5000000, 0x000000076ab00000)
  object space 81920K, 15% used [0x00000006c0000000,0x00000006c0c46078,0x00000006c5000000)
 Metaspace       used 20426K, capacity 21186K, committed 21248K, reserved 1067008K
  class space    used 2582K, capacity 2803K, committed 2816K, reserved 1048576K
}

