# JRE version: Java(TM) SE Runtime Environment (8.0_151-b12) (build 1.8.0_151-b12)
# Java VM: Java HotSpot(TM) 64-Bit Server VM (25.151-b12 mixed mode bsd-amd64 compressed oops)
Heap:
 PSYoungGen      total 76288K, used 9948K [0x000000076ab00000, 0x0000000770000000, 0x00000007c0000000)
  eden space 65536K, 15% used [0x000000076ab00000,0x000000076b4b7378,0x000000076eb00000)
  from space 10752K, 0% used [0x000000076eb00000,0x000000076eb00000,0x000000076f580000)
  to   space 10752K, 0% used [0x000000076f580000,0x000000076f580000,0x0000000770000000)
 ParOldGen       total 82432K, used 12821K [0x00000006c0000000, 0x00000006c5080000, 0x000000076ab00000)
  object space 82432K, 15% used [0x00000006c0000000,0x00000006c0c85748,0x00000006c5080000)
 Metaspace       used 20946K, capacity 21846K, committed 22144K, reserved 1069056K
  class space    used 2613K, capacity 2839K, committed 2944K, reserved 1048576K
GC Heap History (4 events):
Event: 5.701 GC heap before
{Heap before GC invocations=1 (full 0):
 PSYoungGen      total 76288K, used 64868K [0x000000076ab00000, 0x0000000770000000, 0x00000007c0000000)
  eden space 65536K, 98% used [0x000000076ab00000,0x000000076ea59100,0x000000076eb00000)
  from space 10752K, 0% used [0x000000076f580000,0x000000076f580000,0x0000000770000000)
  to   space 10752K, 0% used [0x000000076eb00000,0x000000076eb00000,0x000000076f580000)
 ParOldGen       total 175104K, used 0K [0x00000006c0000000, 0x00000006cab00000, 0x000000076ab00000)
  object space 175104K, 0% used [0x00000006c0000000,0x00000006c0000000,0x00000006cab00000)
 Metaspace       used 20341K, capacity 21208K, committed 21248K, reserved 1067008K
  class space    used 2592K, capacity 2802K, committed 2816K, reserved 1048576K
Event: 5.714 GC heap after
Heap after GC invocations=1 (full 0):
 PSYoungGen      total 76288K, used 10744K [0x000000076ab00000, 0x0000000770000000, 0x00000007c0000000)
  eden space 65536K, 0% used [0x000000076ab00000,0x000000076ab00000,0x000000076eb00000)
  from space 10752K, 99% used [0x000000076eb00000,0x000000076f57e090,0x000000076f580000)
  to   space 10752K, 0% used [0x000000076f580000,0x000000076f580000,0x0000000770000000)
 ParOldGen       total 175104K, used 3695K [0x00000006c0000000, 0x00000006cab00000, 0x000000076ab00000)
  object space 175104K, 2% used [0x00000006c0000000,0x00000006c039be88,0x00000006cab00000)
 Metaspace       used 20341K, capacity 21208K, committed 21248K, reserved 1067008K
  class space    used 2592K, capacity 2802K, committed 2816K, reserved 1048576K
}
Event: 5.714 GC heap before
{Heap before GC invocations=2 (full 1):
 PSYoungGen      total 76288K, used 10744K [0x000000076ab00000, 0x0000000770000000, 0x00000007c0000000)
  eden space 65536K, 0% used [0x000000076ab00000,0x000000076ab00000,0x000000076eb00000)
  from space 10752K, 99% used [0x000000076eb00000,0x000000076f57e090,0x000000076f580000)
  to   space 10752K, 0% used [0x000000076f580000,0x000000076f580000,0x0000000770000000)
 ParOldGen       total 175104K, used 3695K [0x00000006c0000000, 0x00000006cab00000, 0x000000076ab00000)
  object space 175104K, 2% used [0x00000006c0000000,0x00000006c039be88,0x00000006cab00000)
 Metaspace       used 20341K, capacity 21208K, committed 21248K, reserved 1067008K
  class space    used 2592K, capacity 2802K, committed 2816K, reserved 1048576K
Event: 5.745 GC heap after
Heap after GC invocations=2 (full 1):
 PSYoungGen      total 76288K, used 0K [0x000000076ab00000, 0x0000000770000000, 0x00000007c0000000)
  eden space 65536K, 0% used [0x000000076ab00000,0x000000076ab00000,0x000000076eb00000)
  from space 10752K, 0% used [0x000000076eb00000,0x000000076eb00000,0x000000076f580000)
  to   space 10752K, 0% used [0x000000076f580000,0x000000076f580000,0x0000000770000000)
 ParOldGen       total 82432K, used 12821K [0x00000006c0000000, 0x00000006c5080000, 0x000000076ab00000)
  object space 82432K, 15% used [0x00000006c0000000,0x00000006c0c85748,0x00000006c5080000)
 Metaspace       used 20341K, capacity 21208K, committed 21248K, reserved 1067008K
  class space    used 2592K, capacity 2802K, committed 2816K, reserved 1048576K
}

